Diagnose log at 2026-02-17T06:05:16Z

AppPath: C:\Program Files\Git\mingw64\bin\git-credential-manager.exe
InstallDir: C:\Program Files\Git\mingw64\bin\
Version: 2.6.1+786ab03440ddc82e807a97c0e540f5247e44cec6

------------
Diagnostic: Environment
Skipped: False
Success: True
Exception: None
Log:
OSType: Windows
OSVersion: 10.0 (build 19045)
Reading environment variables... OK
 Variables:
PROCESSOR_ARCHITEW6432=AMD64
BROWSER=c:\Users\Alice\.vscode-server\bin\b6a47e94e326b5c209d118cf0f994d6065585705\bin\helpers\browser.cmd
COMPUTERNAME=DESKTOP-2HCKVI9
NPTRACKINGTOOLS_INC=C:\Program Files\OptiTrack\Motive\inc
GIT_TRACE2_PARENT_SID=aef105e4-a2bd-4c52-9c86-ce6c74acae0c
CommonProgramFiles(x86)=C:\Program Files (x86)\Common Files
DriverData=C:\Windows\System32\Drivers\DriverData
OneDrive=C:\Users\Alice\OneDrive - 청주대학교
ChocolateyLastPathUpdate=133990341081311961
HOMEPATH=\Users\Alice
VSCODE_HANDLES_UNCAUGHT_ERRORS=true
VSCODE_IPC_HOOK_CLI=\\.\pipe\vscode-ipc-0f5ff94a-c91a-456f-bf1e-fb347821f72d-sock
TMP=C:\Users\Alice\AppData\Local\Temp
PROCESSOR_REVISION=4400
PROCESSOR_ARCHITECTURE=x86
_FIRST_ARG=--start-server
VSCODE_HANDLES_SIGPIPE=true
ProgramFiles(x86)=C:\Program Files (x86)
ROOT_DIR=C:\Users\Alice\.vscode-server\bin\b6a47e94e326b5c209d118cf0f994d6065585705\bin\..
LOCALAPPDATA=C:\Users\Alice\AppData\Local
PUBLIC=C:\Users\Public
SSH_CONNECTION=100.96.148.69 4911 100.97.220.97 22
VSCODE_RECONNECTION_GRACE_TIME=10800000
CONDA_EXE=C:\Users\Alice\miniconda3\Scripts\conda.exe
VSCODE_ESM_ENTRYPOINT=vs/workbench/api/node/extensionHostProcess
USERDOMAIN=WORKGROUP
CONDA_SHLVL=0
Path=c:\Users\Alice\.vscode-server\bin\b6a47e94e326b5c209d118cf0f994d6065585705\bin\remote-cli;C:\Users\Alice\miniconda3\condabin;C:\Python313\Scripts\;C:\Python313\;C:\Windows\system32;C:\Windows;C:\Windows\System32\Wbem;C:\Windows\System32\WindowsPowerShell\v1.0\;C:\Windows\System32\OpenSSH\;C:\Program Files\nodejs\;C:\ProgramData\chocolatey\bin;C:\Program Files\PuTTY\;C:\Users\Alice\miniconda3;C:\Users\Alice\miniconda3\Scripts;C:\Users\Alice\miniconda3\Library;C:\Users\Alice\miniconda3\Library\bin;C:\Users\Alice\.local\bin;C:\Program Files\Git\cmd;C:\Program Files\Apollo;C:\Program Files\Apollo\tools;C:\Program Files\Tailscale\;C:\Program Files\MATLAB\MATLAB Runtime\R2023b\runtime\win64;;C:\Users\Alice\.local\bin;C:\Users\Alice\AppData\Local\Microsoft\WindowsApps;C:\Users\Alice\AppData\Roaming\npm;C:\Users\Alice\AppData\Local\Programs\Microsoft VS Code\bin
PROCESSOR_LEVEL=26
PROCESSOR_IDENTIFIER=AMD64 Family 26 Model 68 Stepping 0, AuthenticAMD
NPTRACKINGTOOLS_LIB=C:\Program Files\OptiTrack\Motive\lib
PROMPT=alice@DESKTOP-2HCKVI9 $P$G
PSModulePath=C:\Users\Alice\Documents\WindowsPowerShell\Modules;C:\Program Files\WindowsPowerShell\Modules;C:\Windows\system32\WindowsPowerShell\v1.0\Modules
NUMBER_OF_PROCESSORS=16
CommonProgramFiles=C:\Program Files (x86)\Common Files
TMPDIR=C:\Users\Public\Documents\ESTsoft\CreatorTemp
VSCODE_NLS_CONFIG={"userLocale":"en","osLocale":"en","resolvedLanguage":"en","defaultMessagesFile":"c:\\Users\\Alice\\.vscode-server\\bin\\b6a47e94e326b5c209d118cf0f994d6065585705\\out\\nls.messages.json","locale":"en","availableLanguages":{}}
ProgramData=C:\ProgramData
ProgramFiles=C:\Program Files (x86)
MOTIVEAPI_INC=C:\Program Files\OptiTrack\Motive\inc
ChocolateyInstall=C:\ProgramData\chocolatey
RESTVAR= --start-server --host 127.0.0.1 --server-data-dir C:\Users\Alice\.vscode-server --accept-server-license-terms --enable-remote-auto-shutdown --port 0 --connection-token-file C:\Users\Alice\.vscode-server\.b6a47e94e326b5c209d118cf0f994d6065585705.token --telemetry-level all
LOGNAME=alice
ProgramW6432=C:\Program Files
SHELL=c:\windows\system32\cmd.exe
HOME=C:\Users\Alice
SystemRoot=C:\Windows
CommonProgramW6432=C:\Program Files\Common Files
APPLICATION_INSIGHTS_NO_STATSBEAT=true
VSCODE_CWD=C:\Users\Alice\.vscode-server\bin\b6a47e94e326b5c209d118cf0f994d6065585705
USERPROFILE=C:\Users\Alice
CONDA_BAT=C:\Users\Alice\miniconda3\condabin\conda.bat
USER=alice
APPDATA=C:\Users\Alice\AppData\Roaming
HOMEDRIVE=C:
QT_AUTO_SCREEN_SCALE_FACTOR=1
OneDriveCommercial=C:\Users\Alice\OneDrive - 청주대학교
c28fc6f98a2c44abbbd89d6a3037d0d9_POSIX_FD_STATE=AAAAAAICAgA=
MOTIVEAPI_LIB=C:\Program Files\OptiTrack\Motive\lib
ELECTRON_RUN_AS_NODE=1
USERNAME=alice
WSLENV=PATHEXT/l:COMSPEC/p:SYSTEMROOT/p:SYSTEMDRIVE:USERNAME:USERDOMAIN:USERPROFILE/p:PROGRAMFILES/p:PROGRAMFILES(X86)/p:PROGRAMW6432/p:PROGRAMDATA/p:LOCALAPPDATA/p:APPDATA/p:TEMP/p:TMP/p:POWERSHELL:PWSH:HTTP_PROXY:HTTPS_PROXY:NO_PROXY:NODE_TLS_REJECT_UNAUTHORIZED
PSExecutionPolicyPreference=Unrestricted
OS=Windows_NT
ComSpec=C:\Windows\system32\cmd.exe
TEMP=C:\Users\Alice\AppData\Local\Temp
SystemDrive=C:
windir=C:\Windows
SSH_CLIENT=100.96.148.69 4911 22
ALLUSERSPROFILE=C:\ProgramData


------------
Diagnostic: File system
Skipped: False
Success: True
Exception: None
Log:
Temporary directory is 'C:\Users\Alice\AppData\Local\Temp\'...
Checking basic file I/O...
Writing to temporary file 'C:\Users\Alice\AppData\Local\Temp\be91467196f2567c030989c1'... OK
Reading from temporary file 'C:\Users\Alice\AppData\Local\Temp\be91467196f2567c030989c1'... OK
Deleting temporary file 'C:\Users\Alice\AppData\Local\Temp\be91467196f2567c030989c1'... OK
Testing IFileSystem instance...
UserHomePath: C:\Users\Alice
UserDataDirectoryPath: C:\Users\Alice\.gcm
GetCurrentDirectory(): C:\Users\Alice\OneDrive - 청주대학교\근전도 분석 코드\aggregated_signal_viz

------------
Diagnostic: Networking
Skipped: False
Success: True
Exception: None
Log:
Checking networking and HTTP stack...
Creating HTTP client... OK
IsNetworkAvailable: True
Sending HEAD request to http://example.com...Sending HEAD request to https://example.com... OK
 OK
Acquiring free TCP port... OK
Testing local HTTP loopback connections...
Creating new HTTP listener for http://localhost:10300/... OK
Waiting for loopback connection... OK
Writing response... OK
Waiting for response data... OK
Loopback connection data OK

------------
Diagnostic: Git
Skipped: False
Success: True
Exception: None
Log:
Getting Git version... OK
Git version is '2.52.0.windows.1'
Locating current repository...Git repository at 'C:/Users/Alice/OneDrive - 泥?＜??숆탳/洹쇱쟾??遺꾩꽍 肄붾뱶/aggregated_signal_viz/.git'
 OK
Listing all Git configuration... OK
Git configuration:
file:C:/Program Files/Git/etc/gitconfig	diff.astextplain.textconv=astextplain
file:C:/Program Files/Git/etc/gitconfig	filter.lfs.clean=git-lfs clean -- %f
file:C:/Program Files/Git/etc/gitconfig	filter.lfs.smudge=git-lfs smudge -- %f
file:C:/Program Files/Git/etc/gitconfig	filter.lfs.process=git-lfs filter-process
file:C:/Program Files/Git/etc/gitconfig	filter.lfs.required=true
file:C:/Program Files/Git/etc/gitconfig	http.sslbackend=schannel
file:C:/Program Files/Git/etc/gitconfig	core.autocrlf=true
file:C:/Program Files/Git/etc/gitconfig	core.fscache=true
file:C:/Program Files/Git/etc/gitconfig	core.symlinks=false
file:C:/Program Files/Git/etc/gitconfig	pull.rebase=false
file:C:/Program Files/Git/etc/gitconfig	credential.helper=manager
file:C:/Program Files/Git/etc/gitconfig	credential.https://dev.azure.com.usehttppath=true
file:C:/Program Files/Git/etc/gitconfig	init.defaultbranch=master
file:C:/Users/Alice/.gitconfig	safe.directory=%(prefix)///wsl.localhost/Ubuntu/home/alice/workspace/emg-nmf-gpu-analysis
file:C:/Users/Alice/.gitconfig	user.name=議곕???file:C:/Users/Alice/.gitconfig	user.email=cho9911@gmail.com
file:C:/Users/Alice/.gitconfig	credential.helper=manager
file:C:/Users/Alice/.gitconfig	credential.credentialstore=dpapi
file:.git/config	core.repositoryformatversion=0
file:.git/config	core.filemode=false
file:.git/config	core.bare=false
file:.git/config	core.logallrefupdates=true
file:.git/config	core.ignorecase=true
file:.git/config	core.autocrlf=input
file:.git/config	core.safecrlf=warn
file:.git/config	remote.origin.url=https://github.com/Rukkha1024/aggregated_signal_viz.git
file:.git/config	remote.origin.fetch=+refs/heads/*:refs/remotes/origin/*


------------
Diagnostic: Credential storage
Skipped: False
Success: True
Exception: None
Log:
ICredentialStore instance is of type: CredentialStore
Writing test credential... OK
Reading test credential... OK
Deleting test credential... OK

------------
Diagnostic: Microsoft authentication (AAD/MSA)
Skipped: False
Success: True
Exception: None
Log:
Broker is not enabled.
Flow type is: Auto
Gathering MSAL token cache data... OK
CacheDirectory: C:\Users\Alice\AppData\Local\.IdentityService
CacheFileName: msal.cache
CacheFilePath: C:\Users\Alice\AppData\Local\.IdentityService\msal.cache
Creating cache helper... OK
Verifying MSAL token cache persistence... OK

------------
Diagnostic: GitHub API
Skipped: False
Success: True
Exception: None
Log:
Using 'https://github.com/' as API target.
Querying '/meta' endpoint... OK

